C51 COMPILER V9.53.0.0   INTERRUPTS                                                        01/05/2018 14:42:45 PAGE 1   


C51 COMPILER V9.53.0.0, COMPILATION OF MODULE INTERRUPTS
OBJECT MODULE PLACED IN .\src\Interrupts.OBJ
COMPILER INVOKED BY: c:\SiliconLabs\SimplicityStudio\v4\developer\toolchains\keil_8051\9.53\BIN\C51.exe C:\Users\pnisbet
                    -\Documents\Silabs_Workspace\LED_Test_7Seg\src\Interrupts.c OMF2 SMALL DEBUG OBJECTEXTEND ROM(LARGE) WARNINGLEVEL(2) FLOA
                    -TFUZZY(3) OPTIMIZE(8,SPEED) DEFINE(DEBUG=1) INTVECTOR(0X0000) INTPROMOTE INCDIR(C:\Users\pnisbet\Documents\Silabs_Worksp
                    -ace\LED_Test_7Seg\inc;C:\Users\pnisbet\Documents\Silabs_Workspace\LED_Test_7Seg\inc\config;C:/SiliconLabs/SimplicityStud
                    -io/v4/developer/sdks/8051/v4.0.9//Device/shared/si8051base;C:/SiliconLabs/SimplicityStudio/v4/developer/sdks/8051/v4.0.9
                    -//Device/EFM8SB1/inc;C:/SiliconLabs/SimplicityStudio/v4/developer/sdks/8051/v4.0.9//Lib/efm8_capsense;C:/SiliconLabs/Sim
                    -plicityStudio/v4/developer/sdks/8051/v4.0.9//Device/EFM8SB1/efm8_capsense/device_layer) PRINT(.\src\Interrupts.lst) COND
                    - PAGEWIDTH(120) PAGELENGTH(65) OBJECT(.\src\Interrupts.OBJ)

line level    source

   1          //=========================================================
   2          // src/Interrupts.c: generated by Hardware Configurator
   3          //
   4          // This file will be regenerated when saving a document.
   5          // leave the sections inside the "$[...]" comment tags alone
   6          // or they will be overwritten!
   7          //=========================================================
   8          
   9          // USER INCLUDES
  10          #include <SI_EFM8SB1_Register_Enums.h>
  11          #include "LED_Test_7Seg_main.h"
  12          
  13          //-----------------------------------------------------------------------------
  14          // TIMER2_ISR
  15          //-----------------------------------------------------------------------------
  16          //
  17          // TIMER2 ISR Content goes here. Remember to clear flag bits:
  18          // TMR2CN0::TF2H (Timer # High Byte Overflow Flag)
  19          // TMR2CN0::TF2L (Timer # Low Byte Overflow Flag)
  20          //
  21          //-----------------------------------------------------------------------------
  22          SI_INTERRUPT (TIMER2_ISR, TIMER2_IRQn)
  23          {
  24   1              if(displayChangeValid == 0){
  25   2                      displayToggle = !displayToggle;
  26   2                      displayChangeValid = 1;
  27   2                      TMR2CN0_TF2H = 0;
  28   2              }
  29   1      }
  30          


MODULE INFORMATION:   STATIC OVERLAYABLE
   CODE SIZE        =     13    ----
   CONSTANT SIZE    =   ----    ----
   XDATA SIZE       =   ----    ----
   PDATA SIZE       =   ----    ----
   DATA SIZE        =   ----    ----
   IDATA SIZE       =   ----    ----
   BIT SIZE         =   ----    ----
   EDATA SIZE       =   ----    ----
   HDATA SIZE       =   ----    ----
   XDATA CONST SIZE =   ----    ----
   FAR CONST SIZE   =   ----    ----
END OF MODULE INFORMATION.


C51 COMPILATION COMPLETE.  0 WARNING(S),  0 ERROR(S)
