C51 COMPILER V9.53.0.0   CSLIB_CONFIG                                                      01/02/2018 10:58:36 PAGE 1   


C51 COMPILER V9.53.0.0, COMPILATION OF MODULE CSLIB_CONFIG
OBJECT MODULE PLACED IN .\lib\cslib\application_layer\cslib_config.OBJ
COMPILER INVOKED BY: c:\SiliconLabs\SimplicityStudio\v4\developer\toolchains\keil_8051\9.53\BIN\C51.exe C:\Users\pnisbet
                    -\Documents\Silabs_Workspace\LED_Test_7Seg\lib\cslib\application_layer\cslib_config.c OMF2 SMALL DEBUG OBJECTEXTEND ROM(L
                    -ARGE) WARNINGLEVEL(2) FLOATFUZZY(3) OPTIMIZE(8,SPEED) DEFINE(DEBUG=1) INTVECTOR(0X0000) INTPROMOTE INCDIR(C:\Users\pnisb
                    -et\Documents\Silabs_Workspace\LED_Test_7Seg\inc;C:\Users\pnisbet\Documents\Silabs_Workspace\LED_Test_7Seg\inc\config;C:/
                    -SiliconLabs/SimplicityStudio/v4/developer/sdks/8051/v4.0.9//Device/shared/si8051base;C:/SiliconLabs/SimplicityStudio/v4/
                    -developer/sdks/8051/v4.0.9//Device/EFM8SB1/inc;C:/SiliconLabs/SimplicityStudio/v4/developer/sdks/8051/v4.0.9//Lib/efm8_c
                    -apsense;C:/SiliconLabs/SimplicityStudio/v4/developer/sdks/8051/v4.0.9//Device/EFM8SB1/efm8_capsense/device_layer) PRINT(
                    -.\lib\cslib\application_layer\cslib_config.lst) COND PAGEWIDTH(120) PAGELENGTH(65) OBJECT(.\lib\cslib\application_layer\
                    -cslib_config.OBJ)

line level    source

   1          
   2          #include "cslib_config.h"
   3          #include "cslib_hwconfig.h"
   4          #include "cslib.h"
   5          #include <si_toolchain.h>             // compiler declarations
   6          
   7          // Struct defined in sensor_node_routines.h.  Contains all state data for a
   8          // sensor.
   9          SI_SEGMENT_VARIABLE (CSLIB_node[DEF_NUM_SENSORS], SensorStruct_t, SI_SEG_XDATA);
  10          
  11          SI_SEGMENT_VARIABLE (CSLIB_numSensors, uint8_t, SI_SEG_DATA)                        = DEF_NUM_SENSORS;
  12          SI_SEGMENT_VARIABLE (CSLIB_sensorBufferSize, uint8_t, SI_SEG_DATA)                  = DEF_SENSOR_BUFFER_SI
             -ZE;
  13          SI_SEGMENT_VARIABLE (CSLIB_buttonDebounce, uint8_t, SI_SEG_DATA)                    = DEF_BUTTON_DEBOUNCE;
  14          SI_SEGMENT_VARIABLE (CSLIB_activeModePeriod, uint16_t, SI_SEG_DATA)                 = DEF_ACTIVE_MODE_PERI
             -OD;
  15          SI_SEGMENT_VARIABLE (CSLIB_sleepModePeriod, uint16_t, SI_SEG_DATA)                  = DEF_SLEEP_MODE_PERIO
             -D;
  16          SI_SEGMENT_VARIABLE (CSLIB_countsBeforeSleep, uint16_t, SI_SEG_DATA)                = DEF_COUNTS_BEFORE_SL
             -EEP;
  17          SI_SEGMENT_VARIABLE (CSLIB_freeRunSetting, uint8_t, SI_SEG_DATA)                    = DEF_FREE_RUN_SETTING
             -;
  18          SI_SEGMENT_VARIABLE (CSLIB_sleepModeEnable, uint8_t, SI_SEG_DATA)                   = DEF_SLEEP_MODE_ENABL
             -E;
  19          


MODULE INFORMATION:   STATIC OVERLAYABLE
   CODE SIZE        =   ----    ----
   CONSTANT SIZE    =   ----    ----
   XDATA SIZE       =     28    ----
   PDATA SIZE       =   ----    ----
   DATA SIZE        =     11    ----
   IDATA SIZE       =   ----    ----
   BIT SIZE         =   ----    ----
   EDATA SIZE       =   ----    ----
   HDATA SIZE       =   ----    ----
   XDATA CONST SIZE =   ----    ----
   FAR CONST SIZE   =   ----    ----
END OF MODULE INFORMATION.


C51 COMPILATION COMPLETE.  0 WARNING(S),  0 ERROR(S)
